This file contains any messages produced by compilers while
running configure, to aid debugging if configure makes a mistake.

It was created by dosbox configure 0.74-3, which was
generated by GNU Autoconf 2.71.  Invocation command line was

  $ ./configure --enable-debug --program-suffix=-dbg

## --------- ##
## Platform. ##
## --------- ##

hostname = dmy-Latitude-7390
uname -m = x86_64
uname -r = 5.15.0-94-generic
uname -s = Linux
uname -v = #104-Ubuntu SMP Tue Jan 9 15:25:40 UTC 2024

/usr/bin/uname -p = x86_64
/bin/uname -X     = unknown

/bin/arch              = x86_64
/usr/bin/arch -k       = unknown
/usr/convex/getsysinfo = unknown
/usr/bin/hostinfo      = unknown
/bin/machine           = unknown
/usr/bin/oslevel       = unknown
/bin/universe          = unknown

PATH: /home/dmy/.cargo/bin/
PATH: /home/dmy/.local/bin/
PATH: /usr/local/sbin/
PATH: /usr/local/bin/
PATH: /usr/sbin/
PATH: /usr/bin/
PATH: /sbin/
PATH: /bin/
PATH: /usr/games/
PATH: /usr/local/games/
PATH: /snap/bin/


## ----------- ##
## Core tests. ##
## ----------- ##

configure:2933: looking for aux files: compile missing install-sh config.guess config.sub
configure:2946:  trying ./
configure:2975:   ./compile found
configure:2975:   ./missing found
configure:2957:   ./install-sh found
configure:2975:   ./config.guess found
configure:2975:   ./config.sub found
configure:3096: checking build system type
configure:3111: result: x86_64-pc-linux-gnu
configure:3131: checking host system type
configure:3145: result: x86_64-pc-linux-gnu
configure:3184: checking for a BSD-compatible install
configure:3257: result: /usr/bin/install -c
configure:3268: checking whether build environment is sane
configure:3323: result: yes
configure:3482: checking for a race-free mkdir -p
configure:3526: result: /usr/bin/mkdir -p
configure:3533: checking for gawk
configure:3554: found /usr/bin/gawk
configure:3565: result: gawk
configure:3576: checking whether make sets $(MAKE)
configure:3599: result: yes
configure:3629: checking whether make supports nested variables
configure:3647: result: yes
configure:3786: checking whether make sets $(MAKE)
configure:3809: result: yes
configure:3880: checking for gcc
configure:3901: found /usr/bin/gcc
configure:3912: result: gcc
configure:4265: checking for C compiler version
configure:4274: gcc --version >&5
gcc (Ubuntu 11.4.0-1ubuntu1~22.04) 11.4.0
Copyright (C) 2021 Free Software Foundation, Inc.
This is free software; see the source for copying conditions.  There is NO
warranty; not even for MERCHANTABILITY or FITNESS FOR A PARTICULAR PURPOSE.

configure:4285: $? = 0
configure:4274: gcc -v >&5
Using built-in specs.
COLLECT_GCC=gcc
COLLECT_LTO_WRAPPER=/usr/lib/gcc/x86_64-linux-gnu/11/lto-wrapper
OFFLOAD_TARGET_NAMES=nvptx-none:amdgcn-amdhsa
OFFLOAD_TARGET_DEFAULT=1
Target: x86_64-linux-gnu
Configured with: ../src/configure -v --with-pkgversion='Ubuntu 11.4.0-1ubuntu1~22.04' --with-bugurl=file:///usr/share/doc/gcc-11/README.Bugs --enable-languages=c,ada,c++,go,brig,d,fortran,objc,obj-c++,m2 --prefix=/usr --with-gcc-major-version-only --program-suffix=-11 --program-prefix=x86_64-linux-gnu- --enable-shared --enable-linker-build-id --libexecdir=/usr/lib --without-included-gettext --enable-threads=posix --libdir=/usr/lib --enable-nls --enable-bootstrap --enable-clocale=gnu --enable-libstdcxx-debug --enable-libstdcxx-time=yes --with-default-libstdcxx-abi=new --enable-gnu-unique-object --disable-vtable-verify --enable-plugin --enable-default-pie --with-system-zlib --enable-libphobos-checking=release --with-target-system-zlib=auto --enable-objc-gc=auto --enable-multiarch --disable-werror --enable-cet --with-arch-32=i686 --with-abi=m64 --with-multilib-list=m32,m64,mx32 --enable-multilib --with-tune=generic --enable-offload-targets=nvptx-none=/build/gcc-11-XeT9lY/gcc-11-11.4.0/debian/tmp-nvptx/usr,amdgcn-amdhsa=/build/gcc-11-XeT9lY/gcc-11-11.4.0/debian/tmp-gcn/usr --without-cuda-driver --enable-checking=release --build=x86_64-linux-gnu --host=x86_64-linux-gnu --target=x86_64-linux-gnu --with-build-config=bootstrap-lto-lean --enable-link-serialization=2
Thread model: posix
Supported LTO compression algorithms: zlib zstd
gcc version 11.4.0 (Ubuntu 11.4.0-1ubuntu1~22.04) 
... rest of stderr output deleted ...
configure:4285: $? = 0
configure:4274: gcc -V >&5
gcc: error: unrecognized command-line option '-V'
gcc: fatal error: no input files
compilation terminated.
configure:4285: $? = 1
configure:4274: gcc -qversion >&5
gcc: error: unrecognized command-line option '-qversion'; did you mean '--version'?
gcc: fatal error: no input files
compilation terminated.
configure:4285: $? = 1
configure:4274: gcc -version >&5
gcc: error: unrecognized command-line option '-version'
gcc: fatal error: no input files
compilation terminated.
configure:4285: $? = 1
configure:4305: checking whether the C compiler works
configure:4327: gcc    conftest.c  >&5
configure:4331: $? = 0
configure:4381: result: yes
configure:4384: checking for C compiler default output file name
configure:4386: result: a.out
configure:4392: checking for suffix of executables
configure:4399: gcc -o conftest    conftest.c  >&5
configure:4403: $? = 0
configure:4426: result: 
configure:4448: checking whether we are cross compiling
configure:4456: gcc -o conftest    conftest.c  >&5
configure:4460: $? = 0
configure:4467: ./conftest
configure:4471: $? = 0
configure:4486: result: no
configure:4491: checking for suffix of object files
configure:4514: gcc -c   conftest.c >&5
configure:4518: $? = 0
configure:4540: result: o
configure:4544: checking whether the compiler supports GNU C
configure:4564: gcc -c   conftest.c >&5
configure:4564: $? = 0
configure:4574: result: yes
configure:4585: checking whether gcc accepts -g
configure:4606: gcc -c -g  conftest.c >&5
configure:4606: $? = 0
configure:4650: result: yes
configure:4670: checking for gcc option to enable C11 features
configure:4685: gcc  -c -g -O2  conftest.c >&5
configure:4685: $? = 0
configure:4703: result: none needed
configure:4819: checking whether gcc understands -c and -o together
configure:4842: gcc -c conftest.c -o conftest2.o
configure:4845: $? = 0
configure:4842: gcc -c conftest.c -o conftest2.o
configure:4845: $? = 0
configure:4857: result: yes
configure:4877: checking whether make supports the include directive
configure:4892: make -f confmf.GNU && cat confinc.out
this is the am__doit target
configure:4895: $? = 0
configure:4914: result: yes (GNU style)
configure:4940: checking dependency style of gcc
configure:5052: result: gcc3
configure:5072: checking how to run the C preprocessor
configure:5098: gcc -E  conftest.c
configure:5098: $? = 0
configure:5113: gcc -E  conftest.c
conftest.c:11:10: fatal error: ac_nonexistent.h: No such file or directory
   11 | #include <ac_nonexistent.h>
      |          ^~~~~~~~~~~~~~~~~~
compilation terminated.
configure:5113: $? = 1
configure: failed program was:
| /* confdefs.h */
| #define PACKAGE_NAME "dosbox"
| #define PACKAGE_TARNAME "dosbox"
| #define PACKAGE_VERSION "0.74-3"
| #define PACKAGE_STRING "dosbox 0.74-3"
| #define PACKAGE_BUGREPORT ""
| #define PACKAGE_URL ""
| #define PACKAGE "dosbox"
| #define VERSION "0.74-3"
| /* end confdefs.h.  */
| #include <ac_nonexistent.h>
configure:5140: result: gcc -E
configure:5154: gcc -E  conftest.c
configure:5154: $? = 0
configure:5169: gcc -E  conftest.c
conftest.c:11:10: fatal error: ac_nonexistent.h: No such file or directory
   11 | #include <ac_nonexistent.h>
      |          ^~~~~~~~~~~~~~~~~~
compilation terminated.
configure:5169: $? = 1
configure: failed program was:
| /* confdefs.h */
| #define PACKAGE_NAME "dosbox"
| #define PACKAGE_TARNAME "dosbox"
| #define PACKAGE_VERSION "0.74-3"
| #define PACKAGE_STRING "dosbox 0.74-3"
| #define PACKAGE_BUGREPORT ""
| #define PACKAGE_URL ""
| #define PACKAGE "dosbox"
| #define VERSION "0.74-3"
| /* end confdefs.h.  */
| #include <ac_nonexistent.h>
configure:5268: checking for g++
configure:5289: found /usr/bin/g++
configure:5300: result: g++
configure:5327: checking for C++ compiler version
configure:5336: g++ --version >&5
g++ (Ubuntu 11.4.0-1ubuntu1~22.04) 11.4.0
Copyright (C) 2021 Free Software Foundation, Inc.
This is free software; see the source for copying conditions.  There is NO
warranty; not even for MERCHANTABILITY or FITNESS FOR A PARTICULAR PURPOSE.

configure:5347: $? = 0
configure:5336: g++ -v >&5
Using built-in specs.
COLLECT_GCC=g++
COLLECT_LTO_WRAPPER=/usr/lib/gcc/x86_64-linux-gnu/11/lto-wrapper
OFFLOAD_TARGET_NAMES=nvptx-none:amdgcn-amdhsa
OFFLOAD_TARGET_DEFAULT=1
Target: x86_64-linux-gnu
Configured with: ../src/configure -v --with-pkgversion='Ubuntu 11.4.0-1ubuntu1~22.04' --with-bugurl=file:///usr/share/doc/gcc-11/README.Bugs --enable-languages=c,ada,c++,go,brig,d,fortran,objc,obj-c++,m2 --prefix=/usr --with-gcc-major-version-only --program-suffix=-11 --program-prefix=x86_64-linux-gnu- --enable-shared --enable-linker-build-id --libexecdir=/usr/lib --without-included-gettext --enable-threads=posix --libdir=/usr/lib --enable-nls --enable-bootstrap --enable-clocale=gnu --enable-libstdcxx-debug --enable-libstdcxx-time=yes --with-default-libstdcxx-abi=new --enable-gnu-unique-object --disable-vtable-verify --enable-plugin --enable-default-pie --with-system-zlib --enable-libphobos-checking=release --with-target-system-zlib=auto --enable-objc-gc=auto --enable-multiarch --disable-werror --enable-cet --with-arch-32=i686 --with-abi=m64 --with-multilib-list=m32,m64,mx32 --enable-multilib --with-tune=generic --enable-offload-targets=nvptx-none=/build/gcc-11-XeT9lY/gcc-11-11.4.0/debian/tmp-nvptx/usr,amdgcn-amdhsa=/build/gcc-11-XeT9lY/gcc-11-11.4.0/debian/tmp-gcn/usr --without-cuda-driver --enable-checking=release --build=x86_64-linux-gnu --host=x86_64-linux-gnu --target=x86_64-linux-gnu --with-build-config=bootstrap-lto-lean --enable-link-serialization=2
Thread model: posix
Supported LTO compression algorithms: zlib zstd
gcc version 11.4.0 (Ubuntu 11.4.0-1ubuntu1~22.04) 
... rest of stderr output deleted ...
configure:5347: $? = 0
configure:5336: g++ -V >&5
g++: error: unrecognized command-line option '-V'
g++: fatal error: no input files
compilation terminated.
configure:5347: $? = 1
configure:5336: g++ -qversion >&5
g++: error: unrecognized command-line option '-qversion'; did you mean '--version'?
g++: fatal error: no input files
compilation terminated.
configure:5347: $? = 1
configure:5351: checking whether the compiler supports GNU C++
configure:5371: g++ -c   conftest.cpp >&5
configure:5371: $? = 0
configure:5381: result: yes
configure:5392: checking whether g++ accepts -g
configure:5413: g++ -c -g  conftest.cpp >&5
configure:5413: $? = 0
configure:5457: result: yes
configure:5477: checking for g++ option to enable C++11 features
configure:5492: g++  -c -g -O2  conftest.cpp >&5
conftest.cpp: In function 'int main(int, char**)':
conftest.cpp:177:25: warning: empty parentheses were disambiguated as a function declaration [-Wvexing-parse]
  177 |   cxx11test::delegate d2();
      |                         ^~
conftest.cpp:177:25: note: remove parentheses to default-initialize a variable
  177 |   cxx11test::delegate d2();
      |                         ^~
      |                         --
conftest.cpp:177:25: note: or replace parentheses with braces to value-initialize a variable
configure:5492: $? = 0
configure:5510: result: none needed
configure:5576: checking dependency style of g++
configure:5688: result: gcc3
configure:5752: checking for ranlib
configure:5773: found /usr/bin/ranlib
configure:5784: result: ranlib
configure:5856: checking for sdl-config
configure:5879: found /usr/bin/sdl-config
configure:5892: result: /usr/bin/sdl-config
configure:5901: checking for SDL - version >= 1.2.0
configure:5987: gcc -o conftest -g -O2 -I/usr/include/SDL -D_GNU_SOURCE=1 -D_REENTRANT   conftest.c  -L/usr/lib/x86_64-linux-gnu -lSDL >&5
configure:5987: $? = 0
configure:5987: ./conftest
configure:5987: $? = 0
configure:6002: result: yes
configure:6069: checking SDL version only being 1.2.X
configure:6083: gcc -c -g -O2  -I/usr/include/SDL -D_GNU_SOURCE=1 -D_REENTRANT conftest.c >&5
configure:6083: $? = 0
configure:6085: result: yes
configure:6096: checking for an ANSI C-conforming const
configure:6163: gcc -c -g -O2  -I/usr/include/SDL -D_GNU_SOURCE=1 -D_REENTRANT conftest.c >&5
configure:6163: $? = 0
configure:6171: result: yes
configure:6179: checking for inline
configure:6196: gcc -c -g -O2  -I/usr/include/SDL -D_GNU_SOURCE=1 -D_REENTRANT conftest.c >&5
configure:6196: $? = 0
configure:6205: result: inline
configure:6227: checking for stdio.h
configure:6227: gcc -c -g -O2  -I/usr/include/SDL -D_GNU_SOURCE=1 -D_REENTRANT conftest.c >&5
configure:6227: $? = 0
configure:6227: result: yes
configure:6227: checking for stdlib.h
configure:6227: gcc -c -g -O2  -I/usr/include/SDL -D_GNU_SOURCE=1 -D_REENTRANT conftest.c >&5
configure:6227: $? = 0
configure:6227: result: yes
configure:6227: checking for string.h
configure:6227: gcc -c -g -O2  -I/usr/include/SDL -D_GNU_SOURCE=1 -D_REENTRANT conftest.c >&5
configure:6227: $? = 0
configure:6227: result: yes
configure:6227: checking for inttypes.h
configure:6227: gcc -c -g -O2  -I/usr/include/SDL -D_GNU_SOURCE=1 -D_REENTRANT conftest.c >&5
configure:6227: $? = 0
configure:6227: result: yes
configure:6227: checking for stdint.h
configure:6227: gcc -c -g -O2  -I/usr/include/SDL -D_GNU_SOURCE=1 -D_REENTRANT conftest.c >&5
configure:6227: $? = 0
configure:6227: result: yes
configure:6227: checking for strings.h
configure:6227: gcc -c -g -O2  -I/usr/include/SDL -D_GNU_SOURCE=1 -D_REENTRANT conftest.c >&5
configure:6227: $? = 0
configure:6227: result: yes
configure:6227: checking for sys/stat.h
configure:6227: gcc -c -g -O2  -I/usr/include/SDL -D_GNU_SOURCE=1 -D_REENTRANT conftest.c >&5
configure:6227: $? = 0
configure:6227: result: yes
configure:6227: checking for sys/types.h
configure:6227: gcc -c -g -O2  -I/usr/include/SDL -D_GNU_SOURCE=1 -D_REENTRANT conftest.c >&5
configure:6227: $? = 0
configure:6227: result: yes
configure:6227: checking for unistd.h
configure:6227: gcc -c -g -O2  -I/usr/include/SDL -D_GNU_SOURCE=1 -D_REENTRANT conftest.c >&5
configure:6227: $? = 0
configure:6227: result: yes
configure:6252: checking for size_t
configure:6252: gcc -c -g -O2  -I/usr/include/SDL -D_GNU_SOURCE=1 -D_REENTRANT conftest.c >&5
configure:6252: $? = 0
configure:6252: gcc -c -g -O2  -I/usr/include/SDL -D_GNU_SOURCE=1 -D_REENTRANT conftest.c >&5
conftest.c: In function 'main':
conftest.c:52:21: error: expected expression before ')' token
   52 | if (sizeof ((size_t)))
      |                     ^
configure:6252: $? = 1
configure: failed program was:
| /* confdefs.h */
| #define PACKAGE_NAME "dosbox"
| #define PACKAGE_TARNAME "dosbox"
| #define PACKAGE_VERSION "0.74-3"
| #define PACKAGE_STRING "dosbox 0.74-3"
| #define PACKAGE_BUGREPORT ""
| #define PACKAGE_URL ""
| #define PACKAGE "dosbox"
| #define VERSION "0.74-3"
| #define HAVE_STDIO_H 1
| #define HAVE_STDLIB_H 1
| #define HAVE_STRING_H 1
| #define HAVE_INTTYPES_H 1
| #define HAVE_STDINT_H 1
| #define HAVE_STRINGS_H 1
| #define HAVE_SYS_STAT_H 1
| #define HAVE_SYS_TYPES_H 1
| #define HAVE_UNISTD_H 1
| #define STDC_HEADERS 1
| /* end confdefs.h.  */
| #include <stddef.h>
| #ifdef HAVE_STDIO_H
| # include <stdio.h>
| #endif
| #ifdef HAVE_STDLIB_H
| # include <stdlib.h>
| #endif
| #ifdef HAVE_STRING_H
| # include <string.h>
| #endif
| #ifdef HAVE_INTTYPES_H
| # include <inttypes.h>
| #endif
| #ifdef HAVE_STDINT_H
| # include <stdint.h>
| #endif
| #ifdef HAVE_STRINGS_H
| # include <strings.h>
| #endif
| #ifdef HAVE_SYS_TYPES_H
| # include <sys/types.h>
| #endif
| #ifdef HAVE_SYS_STAT_H
| # include <sys/stat.h>
| #endif
| #ifdef HAVE_UNISTD_H
| # include <unistd.h>
| #endif
| int
| main (void)
| {
| if (sizeof ((size_t)))
| 	    return 0;
|   ;
|   return 0;
| }
configure:6252: result: yes
configure:6262: checking whether struct tm is in sys/time.h or time.h
configure:6283: gcc -c -g -O2  -I/usr/include/SDL -D_GNU_SOURCE=1 -D_REENTRANT conftest.c >&5
configure:6283: $? = 0
configure:6291: result: time.h
configure:6303: checking size of unsigned char
configure:6309: gcc -o conftest -g -O2  -I/usr/include/SDL -D_GNU_SOURCE=1 -D_REENTRANT  conftest.c  -L/usr/lib/x86_64-linux-gnu -lSDL >&5
configure:6309: $? = 0
configure:6309: ./conftest
configure:6309: $? = 0
configure:6324: result: 1
configure:6336: checking size of unsigned short
configure:6342: gcc -o conftest -g -O2  -I/usr/include/SDL -D_GNU_SOURCE=1 -D_REENTRANT  conftest.c  -L/usr/lib/x86_64-linux-gnu -lSDL >&5
configure:6342: $? = 0
configure:6342: ./conftest
configure:6342: $? = 0
configure:6357: result: 2
configure:6369: checking size of unsigned int
configure:6375: gcc -o conftest -g -O2  -I/usr/include/SDL -D_GNU_SOURCE=1 -D_REENTRANT  conftest.c  -L/usr/lib/x86_64-linux-gnu -lSDL >&5
configure:6375: $? = 0
configure:6375: ./conftest
configure:6375: $? = 0
configure:6390: result: 4
configure:6402: checking size of unsigned long
configure:6408: gcc -o conftest -g -O2  -I/usr/include/SDL -D_GNU_SOURCE=1 -D_REENTRANT  conftest.c  -L/usr/lib/x86_64-linux-gnu -lSDL >&5
configure:6408: $? = 0
configure:6408: ./conftest
configure:6408: $? = 0
configure:6423: result: 8
configure:6435: checking size of unsigned long long
configure:6441: gcc -o conftest -g -O2  -I/usr/include/SDL -D_GNU_SOURCE=1 -D_REENTRANT  conftest.c  -L/usr/lib/x86_64-linux-gnu -lSDL >&5
configure:6441: $? = 0
configure:6441: ./conftest
configure:6441: $? = 0
configure:6456: result: 8
configure:6468: checking size of int *
configure:6474: gcc -o conftest -g -O2  -I/usr/include/SDL -D_GNU_SOURCE=1 -D_REENTRANT  conftest.c  -L/usr/lib/x86_64-linux-gnu -lSDL >&5
configure:6474: $? = 0
configure:6474: ./conftest
configure:6474: $? = 0
configure:6489: result: 8
configure:6498: checking for stdlib.h
configure:6498: result: yes
configure:6504: checking for sys/types.h
configure:6504: result: yes
configure:6511: checking for sys/socket.h
configure:6511: gcc -c -g -O2  -I/usr/include/SDL -D_GNU_SOURCE=1 -D_REENTRANT conftest.c >&5
configure:6511: $? = 0
configure:6511: result: yes
configure:6530: checking for netinet/in.h
configure:6530: gcc -c -g -O2  -I/usr/include/SDL -D_GNU_SOURCE=1 -D_REENTRANT conftest.c >&5
configure:6530: $? = 0
configure:6530: result: yes
configure:6549: checking for pwd.h
configure:6549: gcc -c -g -O2  -I/usr/include/SDL -D_GNU_SOURCE=1 -D_REENTRANT conftest.c >&5
configure:6549: $? = 0
configure:6549: result: yes
configure:6590: gcc -c -g -O2  -I/usr/include/SDL -D_GNU_SOURCE=1 -D_REENTRANT conftest.c >&5
configure:6590: $? = 0
configure:6600: checking if environ can be included
configure:6615: gcc -o conftest -g -O2  -I/usr/include/SDL -D_GNU_SOURCE=1 -D_REENTRANT  conftest.c  -L/usr/lib/x86_64-linux-gnu -lSDL >&5
configure:6615: $? = 0
configure:6617: result: yes
configure:6628: checking if environ can be linked
configure:6641: gcc -o conftest -g -O2  -I/usr/include/SDL -D_GNU_SOURCE=1 -D_REENTRANT  conftest.c  -L/usr/lib/x86_64-linux-gnu -lSDL >&5
configure:6641: $? = 0
configure:6643: result: yes
configure:6654: checking if dirent includes d_type
configure:6666: gcc -c -g -O2  -I/usr/include/SDL -D_GNU_SOURCE=1 -D_REENTRANT conftest.c >&5
configure:6666: $? = 0
configure:6668: result: yes
configure:6679: checking for powf in libm
configure:6696: gcc -o conftest -g -O2  -I/usr/include/SDL -D_GNU_SOURCE=1 -D_REENTRANT  conftest.c  -L/usr/lib/x86_64-linux-gnu -lSDL -lm >&5
configure:6696: $? = 0
configure:6698: result: yes
configure:6713: checking if compiler allows __attribute__
configure:6727: gcc -c -g -O2  -I/usr/include/SDL -D_GNU_SOURCE=1 -D_REENTRANT conftest.c >&5
configure:6727: $? = 0
configure:6729: result: yes
configure:6744: checking if compiler allows __attribute__((always_inline)) 
configure:6751: gcc -c -Werror  -I/usr/include/SDL -D_GNU_SOURCE=1 -D_REENTRANT conftest.c >&5
configure:6751: $? = 0
configure:6753: result: yes
configure:6763: checking if compiler allows __attribute__((fastcall)) 
configure:6770: gcc -c -Werror  -I/usr/include/SDL -D_GNU_SOURCE=1 -D_REENTRANT conftest.c >&5
conftest.c:37:2: error: 'fastcall' attribute ignored [-Werror=attributes]
   37 |  void __attribute__((fastcall)) test(){}
      |  ^~~~
cc1: all warnings being treated as errors
configure:6770: $? = 1
configure: failed program was:
| /* confdefs.h */
| #define PACKAGE_NAME "dosbox"
| #define PACKAGE_TARNAME "dosbox"
| #define PACKAGE_VERSION "0.74-3"
| #define PACKAGE_STRING "dosbox 0.74-3"
| #define PACKAGE_BUGREPORT ""
| #define PACKAGE_URL ""
| #define PACKAGE "dosbox"
| #define VERSION "0.74-3"
| #define HAVE_STDIO_H 1
| #define HAVE_STDLIB_H 1
| #define HAVE_STRING_H 1
| #define HAVE_INTTYPES_H 1
| #define HAVE_STDINT_H 1
| #define HAVE_STRINGS_H 1
| #define HAVE_SYS_STAT_H 1
| #define HAVE_SYS_TYPES_H 1
| #define HAVE_UNISTD_H 1
| #define STDC_HEADERS 1
| #define SIZEOF_UNSIGNED_CHAR 1
| #define SIZEOF_UNSIGNED_SHORT 2
| #define SIZEOF_UNSIGNED_INT 4
| #define SIZEOF_UNSIGNED_LONG 8
| #define SIZEOF_UNSIGNED_LONG_LONG 8
| #define SIZEOF_INT_P 8
| #define HAVE_STDLIB_H 1
| #define HAVE_SYS_TYPES_H 1
| #define HAVE_SYS_SOCKET_H 1
| #define HAVE_NETINET_IN_H 1
| #define HAVE_PWD_H 1
| #define ENVIRON_INCLUDED 1
| #define ENVIRON_LINKED 1
| #define DIRENT_HAS_D_TYPE 1
| #define C_HAS_ATTRIBUTE 1
| #define C_ATTRIBUTE_ALWAYS_INLINE 1
| /* end confdefs.h.  */
|  void __attribute__((fastcall)) test(){}
| 
configure:6776: result: no
configure:6794: checking if compiler allows __builtin_expect
configure:6810: g++ -c -g -O2  -I/usr/include/SDL -D_GNU_SOURCE=1 -D_REENTRANT conftest.cpp >&5
configure:6810: $? = 0
configure:6812: result: yes
configure:6831: checking if compiler supports -mno-ms-bitfields
configure:6841: gcc -c -mno-ms-bitfields  -I/usr/include/SDL -D_GNU_SOURCE=1 -D_REENTRANT conftest.c >&5
configure:6841: $? = 0
configure:6844: result: yes
configure:6901: checking for ALSA CFLAGS
configure:6907: result: 
configure:6910: checking for ALSA LDFLAGS
configure:6923: result:  -lasound -lm -ldl -lpthread
configure:6927: checking for libasound headers version >= 0.9.0
configure:6989: gcc -c -g -O2  -I/usr/include/SDL -D_GNU_SOURCE=1 -D_REENTRANT conftest.c >&5
configure:6989: $? = 0
configure:6991: result: found.
configure:7008: checking for snd_ctl_open in -lasound
configure:7031: gcc -o conftest -g -O2  -I/usr/include/SDL -D_GNU_SOURCE=1 -D_REENTRANT  conftest.c -lasound   -lasound -lm -ldl -lpthread -L/usr/lib/x86_64-linux-gnu -lSDL >&5
configure:7031: $? = 0
configure:7041: result: yes
configure:7080: checking whether byte ordering is bigendian
configure:7096: gcc -c -g -O2  -I/usr/include/SDL -D_GNU_SOURCE=1 -D_REENTRANT conftest.c >&5
conftest.c:41:16: error: unknown type name 'not'
   41 |                not a universal capable compiler
      |                ^~~
conftest.c:41:22: error: expected '=', ',', ';', 'asm' or '__attribute__' before 'universal'
   41 |                not a universal capable compiler
      |                      ^~~~~~~~~
conftest.c:41:22: error: unknown type name 'universal'
configure:7096: $? = 1
configure: failed program was:
| /* confdefs.h */
| #define PACKAGE_NAME "dosbox"
| #define PACKAGE_TARNAME "dosbox"
| #define PACKAGE_VERSION "0.74-3"
| #define PACKAGE_STRING "dosbox 0.74-3"
| #define PACKAGE_BUGREPORT ""
| #define PACKAGE_URL ""
| #define PACKAGE "dosbox"
| #define VERSION "0.74-3"
| #define HAVE_STDIO_H 1
| #define HAVE_STDLIB_H 1
| #define HAVE_STRING_H 1
| #define HAVE_INTTYPES_H 1
| #define HAVE_STDINT_H 1
| #define HAVE_STRINGS_H 1
| #define HAVE_SYS_STAT_H 1
| #define HAVE_SYS_TYPES_H 1
| #define HAVE_UNISTD_H 1
| #define STDC_HEADERS 1
| #define SIZEOF_UNSIGNED_CHAR 1
| #define SIZEOF_UNSIGNED_SHORT 2
| #define SIZEOF_UNSIGNED_INT 4
| #define SIZEOF_UNSIGNED_LONG 8
| #define SIZEOF_UNSIGNED_LONG_LONG 8
| #define SIZEOF_INT_P 8
| #define HAVE_STDLIB_H 1
| #define HAVE_SYS_TYPES_H 1
| #define HAVE_SYS_SOCKET_H 1
| #define HAVE_NETINET_IN_H 1
| #define HAVE_PWD_H 1
| #define ENVIRON_INCLUDED 1
| #define ENVIRON_LINKED 1
| #define DIRENT_HAS_D_TYPE 1
| #define C_HAS_ATTRIBUTE 1
| #define C_ATTRIBUTE_ALWAYS_INLINE 1
| #define C_HAS_BUILTIN_EXPECT 1
| #define HAVE_LIBASOUND 1
| #define HAVE_ALSA 1
| /* end confdefs.h.  */
| #ifndef __APPLE_CC__
| 	       not a universal capable compiler
| 	     #endif
| 	     typedef int dummy;
| 
configure:7142: gcc -c -g -O2  -I/usr/include/SDL -D_GNU_SOURCE=1 -D_REENTRANT conftest.c >&5
configure:7142: $? = 0
configure:7161: gcc -c -g -O2  -I/usr/include/SDL -D_GNU_SOURCE=1 -D_REENTRANT conftest.c >&5
conftest.c: In function 'main':
conftest.c:47:18: error: unknown type name 'not'; did you mean 'ino_t'?
   47 |                  not big endian
      |                  ^~~
      |                  ino_t
conftest.c:47:26: error: expected '=', ',', ';', 'asm' or '__attribute__' before 'endian'
   47 |                  not big endian
      |                          ^~~~~~
configure:7161: $? = 1
configure: failed program was:
| /* confdefs.h */
| #define PACKAGE_NAME "dosbox"
| #define PACKAGE_TARNAME "dosbox"
| #define PACKAGE_VERSION "0.74-3"
| #define PACKAGE_STRING "dosbox 0.74-3"
| #define PACKAGE_BUGREPORT ""
| #define PACKAGE_URL ""
| #define PACKAGE "dosbox"
| #define VERSION "0.74-3"
| #define HAVE_STDIO_H 1
| #define HAVE_STDLIB_H 1
| #define HAVE_STRING_H 1
| #define HAVE_INTTYPES_H 1
| #define HAVE_STDINT_H 1
| #define HAVE_STRINGS_H 1
| #define HAVE_SYS_STAT_H 1
| #define HAVE_SYS_TYPES_H 1
| #define HAVE_UNISTD_H 1
| #define STDC_HEADERS 1
| #define SIZEOF_UNSIGNED_CHAR 1
| #define SIZEOF_UNSIGNED_SHORT 2
| #define SIZEOF_UNSIGNED_INT 4
| #define SIZEOF_UNSIGNED_LONG 8
| #define SIZEOF_UNSIGNED_LONG_LONG 8
| #define SIZEOF_INT_P 8
| #define HAVE_STDLIB_H 1
| #define HAVE_SYS_TYPES_H 1
| #define HAVE_SYS_SOCKET_H 1
| #define HAVE_NETINET_IN_H 1
| #define HAVE_PWD_H 1
| #define ENVIRON_INCLUDED 1
| #define ENVIRON_LINKED 1
| #define DIRENT_HAS_D_TYPE 1
| #define C_HAS_ATTRIBUTE 1
| #define C_ATTRIBUTE_ALWAYS_INLINE 1
| #define C_HAS_BUILTIN_EXPECT 1
| #define HAVE_LIBASOUND 1
| #define HAVE_ALSA 1
| /* end confdefs.h.  */
| #include <sys/types.h>
| 		#include <sys/param.h>
| 
| int
| main (void)
| {
| #if BYTE_ORDER != BIG_ENDIAN
| 		 not big endian
| 		#endif
| 
|   ;
|   return 0;
| }
configure:7295: result: no
configure:7321: checking for curses.h
configure:7321: gcc -c -g -O2  -I/usr/include/SDL -D_GNU_SOURCE=1 -D_REENTRANT conftest.c >&5
configure:7321: $? = 0
configure:7321: result: yes
configure:7327: checking for initscr in -lcurses
configure:7350: gcc -o conftest -g -O2  -I/usr/include/SDL -D_GNU_SOURCE=1 -D_REENTRANT  conftest.c -lcurses  -lasound -lm -ldl -lpthread -L/usr/lib/x86_64-linux-gnu -lSDL >&5
configure:7350: $? = 0
configure:7360: result: yes
configure:7367: checking for initscr in -lncurses
configure:7390: gcc -o conftest -g -O2  -I/usr/include/SDL -D_GNU_SOURCE=1 -D_REENTRANT  conftest.c -lncurses  -lasound -lm -ldl -lpthread -L/usr/lib/x86_64-linux-gnu -lSDL >&5
configure:7390: $? = 0
configure:7400: result: yes
configure:7407: checking for initscr in -lpdcurses
configure:7430: gcc -o conftest -g -O2  -I/usr/include/SDL -D_GNU_SOURCE=1 -D_REENTRANT  conftest.c -lpdcurses  -lasound -lm -ldl -lpthread -L/usr/lib/x86_64-linux-gnu -lSDL >&5
/usr/bin/ld: cannot find -lpdcurses: No such file or directory
collect2: error: ld returned 1 exit status
configure:7430: $? = 1
configure: failed program was:
| /* confdefs.h */
| #define PACKAGE_NAME "dosbox"
| #define PACKAGE_TARNAME "dosbox"
| #define PACKAGE_VERSION "0.74-3"
| #define PACKAGE_STRING "dosbox 0.74-3"
| #define PACKAGE_BUGREPORT ""
| #define PACKAGE_URL ""
| #define PACKAGE "dosbox"
| #define VERSION "0.74-3"
| #define HAVE_STDIO_H 1
| #define HAVE_STDLIB_H 1
| #define HAVE_STRING_H 1
| #define HAVE_INTTYPES_H 1
| #define HAVE_STDINT_H 1
| #define HAVE_STRINGS_H 1
| #define HAVE_SYS_STAT_H 1
| #define HAVE_SYS_TYPES_H 1
| #define HAVE_UNISTD_H 1
| #define STDC_HEADERS 1
| #define SIZEOF_UNSIGNED_CHAR 1
| #define SIZEOF_UNSIGNED_SHORT 2
| #define SIZEOF_UNSIGNED_INT 4
| #define SIZEOF_UNSIGNED_LONG 8
| #define SIZEOF_UNSIGNED_LONG_LONG 8
| #define SIZEOF_INT_P 8
| #define HAVE_STDLIB_H 1
| #define HAVE_SYS_TYPES_H 1
| #define HAVE_SYS_SOCKET_H 1
| #define HAVE_NETINET_IN_H 1
| #define HAVE_PWD_H 1
| #define ENVIRON_INCLUDED 1
| #define ENVIRON_LINKED 1
| #define DIRENT_HAS_D_TYPE 1
| #define C_HAS_ATTRIBUTE 1
| #define C_ATTRIBUTE_ALWAYS_INLINE 1
| #define C_HAS_BUILTIN_EXPECT 1
| #define HAVE_LIBASOUND 1
| #define HAVE_ALSA 1
| /* end confdefs.h.  */
| 
| /* Override any GCC internal prototype to avoid an error.
|    Use char because int might match the return type of a GCC
|    builtin and then its argument prototype would still apply.  */
| char initscr ();
| int
| main (void)
| {
| return initscr ();
|   ;
|   return 0;
| }
configure:7440: result: no
configure:7499: checking for target cpu type
configure:7505: result: x86-64 bit compatible
configure:7554: gcc -c -g -O2  -I/usr/include/SDL -D_GNU_SOURCE=1 -D_REENTRANT conftest.c >&5
conftest.c:44:2: error: #error size intp is not 4, this not something to worry about
   44 | #error size intp is not 4, this not something to worry about
      |  ^~~~~
configure:7554: $? = 1
configure: failed program was:
| /* confdefs.h */
| #define PACKAGE_NAME "dosbox"
| #define PACKAGE_TARNAME "dosbox"
| #define PACKAGE_VERSION "0.74-3"
| #define PACKAGE_STRING "dosbox 0.74-3"
| #define PACKAGE_BUGREPORT ""
| #define PACKAGE_URL ""
| #define PACKAGE "dosbox"
| #define VERSION "0.74-3"
| #define HAVE_STDIO_H 1
| #define HAVE_STDLIB_H 1
| #define HAVE_STRING_H 1
| #define HAVE_INTTYPES_H 1
| #define HAVE_STDINT_H 1
| #define HAVE_STRINGS_H 1
| #define HAVE_SYS_STAT_H 1
| #define HAVE_SYS_TYPES_H 1
| #define HAVE_UNISTD_H 1
| #define STDC_HEADERS 1
| #define SIZEOF_UNSIGNED_CHAR 1
| #define SIZEOF_UNSIGNED_SHORT 2
| #define SIZEOF_UNSIGNED_INT 4
| #define SIZEOF_UNSIGNED_LONG 8
| #define SIZEOF_UNSIGNED_LONG_LONG 8
| #define SIZEOF_INT_P 8
| #define HAVE_STDLIB_H 1
| #define HAVE_SYS_TYPES_H 1
| #define HAVE_SYS_SOCKET_H 1
| #define HAVE_NETINET_IN_H 1
| #define HAVE_PWD_H 1
| #define ENVIRON_INCLUDED 1
| #define ENVIRON_LINKED 1
| #define DIRENT_HAS_D_TYPE 1
| #define C_HAS_ATTRIBUTE 1
| #define C_ATTRIBUTE_ALWAYS_INLINE 1
| #define C_HAS_BUILTIN_EXPECT 1
| #define HAVE_LIBASOUND 1
| #define HAVE_ALSA 1
| #define C_DEBUG 1
| #define C_TARGETCPU X86_64
| /* end confdefs.h.  */
| 
| #if SIZEOF_INT_P != 4
| #error size intp is not 4, this not something to worry about
| #endif
| void blah() {
| ;
| }
| 
configure:7563: checking whether Apple user wants to override the build process to produce a 32 bit binary
configure:7579: result: no, not on Apple
configure:7602: checking whether x86 dynamic cpu core will be enabled
configure:7614: result: no
configure:7628: checking whether recompiling cpu core will be enabled
configure:7648: result: yes
configure:7666: checking whether fpu emulation will be enabled
configure:7669: result: yes
configure:7687: checking whether x86 assembly fpu core will be enabled
configure:7700: result: no
configure:7718: checking whether to enable unaligned memory access
configure:7723: result: yes
configure:7731: checking for png.h
configure:7731: gcc -c -g -O2  -I/usr/include/SDL -D_GNU_SOURCE=1 -D_REENTRANT conftest.c >&5
configure:7731: $? = 0
configure:7731: result: yes
configure:7737: checking for png_get_io_ptr in -lpng
configure:7760: gcc -o conftest -g -O2  -I/usr/include/SDL -D_GNU_SOURCE=1 -D_REENTRANT  conftest.c -lpng -lz -lasound -lm -ldl -lpthread -L/usr/lib/x86_64-linux-gnu -lSDL -lncurses >&5
configure:7760: $? = 0
configure:7770: result: yes
configure:7788: checking for SDL_net.h
configure:7788: gcc -c -g -O2  -I/usr/include/SDL -D_GNU_SOURCE=1 -D_REENTRANT conftest.c >&5
conftest.c:74:10: fatal error: SDL_net.h: No such file or directory
   74 | #include <SDL_net.h>
      |          ^~~~~~~~~~~
compilation terminated.
configure:7788: $? = 1
configure: failed program was:
| /* confdefs.h */
| #define PACKAGE_NAME "dosbox"
| #define PACKAGE_TARNAME "dosbox"
| #define PACKAGE_VERSION "0.74-3"
| #define PACKAGE_STRING "dosbox 0.74-3"
| #define PACKAGE_BUGREPORT ""
| #define PACKAGE_URL ""
| #define PACKAGE "dosbox"
| #define VERSION "0.74-3"
| #define HAVE_STDIO_H 1
| #define HAVE_STDLIB_H 1
| #define HAVE_STRING_H 1
| #define HAVE_INTTYPES_H 1
| #define HAVE_STDINT_H 1
| #define HAVE_STRINGS_H 1
| #define HAVE_SYS_STAT_H 1
| #define HAVE_SYS_TYPES_H 1
| #define HAVE_UNISTD_H 1
| #define STDC_HEADERS 1
| #define SIZEOF_UNSIGNED_CHAR 1
| #define SIZEOF_UNSIGNED_SHORT 2
| #define SIZEOF_UNSIGNED_INT 4
| #define SIZEOF_UNSIGNED_LONG 8
| #define SIZEOF_UNSIGNED_LONG_LONG 8
| #define SIZEOF_INT_P 8
| #define HAVE_STDLIB_H 1
| #define HAVE_SYS_TYPES_H 1
| #define HAVE_SYS_SOCKET_H 1
| #define HAVE_NETINET_IN_H 1
| #define HAVE_PWD_H 1
| #define ENVIRON_INCLUDED 1
| #define ENVIRON_LINKED 1
| #define DIRENT_HAS_D_TYPE 1
| #define C_HAS_ATTRIBUTE 1
| #define C_ATTRIBUTE_ALWAYS_INLINE 1
| #define C_HAS_BUILTIN_EXPECT 1
| #define HAVE_LIBASOUND 1
| #define HAVE_ALSA 1
| #define C_DEBUG 1
| #define C_TARGETCPU X86_64
| #define C_DYNREC 1
| #define C_FPU 1
| #define C_UNALIGNED_MEMORY 1
| #define C_SSHOT 1
| /* end confdefs.h.  */
| #include <stddef.h>
| #ifdef HAVE_STDIO_H
| # include <stdio.h>
| #endif
| #ifdef HAVE_STDLIB_H
| # include <stdlib.h>
| #endif
| #ifdef HAVE_STRING_H
| # include <string.h>
| #endif
| #ifdef HAVE_INTTYPES_H
| # include <inttypes.h>
| #endif
| #ifdef HAVE_STDINT_H
| # include <stdint.h>
| #endif
| #ifdef HAVE_STRINGS_H
| # include <strings.h>
| #endif
| #ifdef HAVE_SYS_TYPES_H
| # include <sys/types.h>
| #endif
| #ifdef HAVE_SYS_STAT_H
| # include <sys/stat.h>
| #endif
| #ifdef HAVE_UNISTD_H
| # include <unistd.h>
| #endif
| #include <SDL_net.h>
configure:7788: result: no
configure:7825: checking for SDLNet_Init in -lSDL_net
configure:7848: gcc -o conftest -g -O2  -I/usr/include/SDL -D_GNU_SOURCE=1 -D_REENTRANT  conftest.c -lSDL_net  -lasound -lm -ldl -lpthread -L/usr/lib/x86_64-linux-gnu -lSDL -lncurses -lpng -lz >&5
/usr/bin/ld: cannot find -lSDL_net: No such file or directory
collect2: error: ld returned 1 exit status
configure:7848: $? = 1
configure: failed program was:
| /* confdefs.h */
| #define PACKAGE_NAME "dosbox"
| #define PACKAGE_TARNAME "dosbox"
| #define PACKAGE_VERSION "0.74-3"
| #define PACKAGE_STRING "dosbox 0.74-3"
| #define PACKAGE_BUGREPORT ""
| #define PACKAGE_URL ""
| #define PACKAGE "dosbox"
| #define VERSION "0.74-3"
| #define HAVE_STDIO_H 1
| #define HAVE_STDLIB_H 1
| #define HAVE_STRING_H 1
| #define HAVE_INTTYPES_H 1
| #define HAVE_STDINT_H 1
| #define HAVE_STRINGS_H 1
| #define HAVE_SYS_STAT_H 1
| #define HAVE_SYS_TYPES_H 1
| #define HAVE_UNISTD_H 1
| #define STDC_HEADERS 1
| #define SIZEOF_UNSIGNED_CHAR 1
| #define SIZEOF_UNSIGNED_SHORT 2
| #define SIZEOF_UNSIGNED_INT 4
| #define SIZEOF_UNSIGNED_LONG 8
| #define SIZEOF_UNSIGNED_LONG_LONG 8
| #define SIZEOF_INT_P 8
| #define HAVE_STDLIB_H 1
| #define HAVE_SYS_TYPES_H 1
| #define HAVE_SYS_SOCKET_H 1
| #define HAVE_NETINET_IN_H 1
| #define HAVE_PWD_H 1
| #define ENVIRON_INCLUDED 1
| #define ENVIRON_LINKED 1
| #define DIRENT_HAS_D_TYPE 1
| #define C_HAS_ATTRIBUTE 1
| #define C_ATTRIBUTE_ALWAYS_INLINE 1
| #define C_HAS_BUILTIN_EXPECT 1
| #define HAVE_LIBASOUND 1
| #define HAVE_ALSA 1
| #define C_DEBUG 1
| #define C_TARGETCPU X86_64
| #define C_DYNREC 1
| #define C_FPU 1
| #define C_UNALIGNED_MEMORY 1
| #define C_SSHOT 1
| /* end confdefs.h.  */
| 
| /* Override any GCC internal prototype to avoid an error.
|    Use char because int might match the return type of a GCC
|    builtin and then its argument prototype would still apply.  */
| char SDLNet_Init ();
| int
| main (void)
| {
| return SDLNet_Init ();
|   ;
|   return 0;
| }
configure:7858: result: no
configure:7873: WARNING: Can't find SDL_net, internal modem and ipx disabled
configure:7878: checking for main in -lX11
configure:7898: gcc -o conftest -g -O2  -I/usr/include/SDL -D_GNU_SOURCE=1 -D_REENTRANT  conftest.c -lX11  -lasound -lm -ldl -lpthread -L/usr/lib/x86_64-linux-gnu -lSDL -lncurses -lpng -lz >&5
configure:7898: $? = 0
configure:7908: result: yes
configure:7917: checking for X11/XKBlib.h
configure:7917: gcc -c -g -O2  -I/usr/include/SDL -D_GNU_SOURCE=1 -D_REENTRANT conftest.c >&5
configure:7917: $? = 0
configure:7917: result: yes
configure:7925: checking for XKBlib support
configure:7931: result: yes
configure:7939: checking for main in -lGL
configure:7959: gcc -o conftest -g -O2  -I/usr/include/SDL -D_GNU_SOURCE=1 -D_REENTRANT  conftest.c -lGL  -lasound -lm -ldl -lpthread -L/usr/lib/x86_64-linux-gnu -lSDL -lncurses -lpng -lz -lX11 >&5
configure:7959: $? = 0
configure:7969: result: yes
configure:7978: checking for main in -lopengl32
configure:7998: gcc -o conftest -g -O2  -I/usr/include/SDL -D_GNU_SOURCE=1 -D_REENTRANT  conftest.c -lopengl32  -lasound -lm -ldl -lpthread -L/usr/lib/x86_64-linux-gnu -lSDL -lncurses -lpng -lz -lX11 >&5
/usr/bin/ld: cannot find -lopengl32: No such file or directory
collect2: error: ld returned 1 exit status
configure:7998: $? = 1
configure: failed program was:
| /* confdefs.h */
| #define PACKAGE_NAME "dosbox"
| #define PACKAGE_TARNAME "dosbox"
| #define PACKAGE_VERSION "0.74-3"
| #define PACKAGE_STRING "dosbox 0.74-3"
| #define PACKAGE_BUGREPORT ""
| #define PACKAGE_URL ""
| #define PACKAGE "dosbox"
| #define VERSION "0.74-3"
| #define HAVE_STDIO_H 1
| #define HAVE_STDLIB_H 1
| #define HAVE_STRING_H 1
| #define HAVE_INTTYPES_H 1
| #define HAVE_STDINT_H 1
| #define HAVE_STRINGS_H 1
| #define HAVE_SYS_STAT_H 1
| #define HAVE_SYS_TYPES_H 1
| #define HAVE_UNISTD_H 1
| #define STDC_HEADERS 1
| #define SIZEOF_UNSIGNED_CHAR 1
| #define SIZEOF_UNSIGNED_SHORT 2
| #define SIZEOF_UNSIGNED_INT 4
| #define SIZEOF_UNSIGNED_LONG 8
| #define SIZEOF_UNSIGNED_LONG_LONG 8
| #define SIZEOF_INT_P 8
| #define HAVE_STDLIB_H 1
| #define HAVE_SYS_TYPES_H 1
| #define HAVE_SYS_SOCKET_H 1
| #define HAVE_NETINET_IN_H 1
| #define HAVE_PWD_H 1
| #define ENVIRON_INCLUDED 1
| #define ENVIRON_LINKED 1
| #define DIRENT_HAS_D_TYPE 1
| #define C_HAS_ATTRIBUTE 1
| #define C_ATTRIBUTE_ALWAYS_INLINE 1
| #define C_HAS_BUILTIN_EXPECT 1
| #define HAVE_LIBASOUND 1
| #define HAVE_ALSA 1
| #define C_DEBUG 1
| #define C_TARGETCPU X86_64
| #define C_DYNREC 1
| #define C_FPU 1
| #define C_UNALIGNED_MEMORY 1
| #define C_SSHOT 1
| #define C_X11_XKB 1
| /* end confdefs.h.  */
| 
| 
| int
| main (void)
| {
| return main ();
|   ;
|   return 0;
| }
configure:8008: result: no
configure:8017: checking for GL/gl.h
configure:8017: gcc -c -g -O2  -I/usr/include/SDL -D_GNU_SOURCE=1 -D_REENTRANT conftest.c >&5
configure:8017: $? = 0
configure:8017: result: yes
configure:8033: checking whether opengl display output will be enabled
configure:8046: result: yes
configure:8069: checking for SDL_sound.h
configure:8069: gcc -c -g -O2  -I/usr/include/SDL -D_GNU_SOURCE=1 -D_REENTRANT conftest.c >&5
conftest.c:76:10: fatal error: SDL_sound.h: No such file or directory
   76 | #include <SDL_sound.h>
      |          ^~~~~~~~~~~~~
compilation terminated.
configure:8069: $? = 1
configure: failed program was:
| /* confdefs.h */
| #define PACKAGE_NAME "dosbox"
| #define PACKAGE_TARNAME "dosbox"
| #define PACKAGE_VERSION "0.74-3"
| #define PACKAGE_STRING "dosbox 0.74-3"
| #define PACKAGE_BUGREPORT ""
| #define PACKAGE_URL ""
| #define PACKAGE "dosbox"
| #define VERSION "0.74-3"
| #define HAVE_STDIO_H 1
| #define HAVE_STDLIB_H 1
| #define HAVE_STRING_H 1
| #define HAVE_INTTYPES_H 1
| #define HAVE_STDINT_H 1
| #define HAVE_STRINGS_H 1
| #define HAVE_SYS_STAT_H 1
| #define HAVE_SYS_TYPES_H 1
| #define HAVE_UNISTD_H 1
| #define STDC_HEADERS 1
| #define SIZEOF_UNSIGNED_CHAR 1
| #define SIZEOF_UNSIGNED_SHORT 2
| #define SIZEOF_UNSIGNED_INT 4
| #define SIZEOF_UNSIGNED_LONG 8
| #define SIZEOF_UNSIGNED_LONG_LONG 8
| #define SIZEOF_INT_P 8
| #define HAVE_STDLIB_H 1
| #define HAVE_SYS_TYPES_H 1
| #define HAVE_SYS_SOCKET_H 1
| #define HAVE_NETINET_IN_H 1
| #define HAVE_PWD_H 1
| #define ENVIRON_INCLUDED 1
| #define ENVIRON_LINKED 1
| #define DIRENT_HAS_D_TYPE 1
| #define C_HAS_ATTRIBUTE 1
| #define C_ATTRIBUTE_ALWAYS_INLINE 1
| #define C_HAS_BUILTIN_EXPECT 1
| #define HAVE_LIBASOUND 1
| #define HAVE_ALSA 1
| #define C_DEBUG 1
| #define C_TARGETCPU X86_64
| #define C_DYNREC 1
| #define C_FPU 1
| #define C_UNALIGNED_MEMORY 1
| #define C_SSHOT 1
| #define C_X11_XKB 1
| #define C_OPENGL 1
| /* end confdefs.h.  */
| #include <stddef.h>
| #ifdef HAVE_STDIO_H
| # include <stdio.h>
| #endif
| #ifdef HAVE_STDLIB_H
| # include <stdlib.h>
| #endif
| #ifdef HAVE_STRING_H
| # include <string.h>
| #endif
| #ifdef HAVE_INTTYPES_H
| # include <inttypes.h>
| #endif
| #ifdef HAVE_STDINT_H
| # include <stdint.h>
| #endif
| #ifdef HAVE_STRINGS_H
| # include <strings.h>
| #endif
| #ifdef HAVE_SYS_TYPES_H
| # include <sys/types.h>
| #endif
| #ifdef HAVE_SYS_STAT_H
| # include <sys/stat.h>
| #endif
| #ifdef HAVE_UNISTD_H
| # include <unistd.h>
| #endif
| #include <SDL_sound.h>
configure:8069: result: no
configure:8075: checking for Sound_Init in -lSDL_sound
configure:8098: gcc -o conftest -g -O2  -I/usr/include/SDL -D_GNU_SOURCE=1 -D_REENTRANT  conftest.c -lSDL_sound  -lasound -lm -ldl -lpthread -L/usr/lib/x86_64-linux-gnu -lSDL -lncurses -lpng -lz -lX11 -lGL >&5
/usr/bin/ld: cannot find -lSDL_sound: No such file or directory
collect2: error: ld returned 1 exit status
configure:8098: $? = 1
configure: failed program was:
| /* confdefs.h */
| #define PACKAGE_NAME "dosbox"
| #define PACKAGE_TARNAME "dosbox"
| #define PACKAGE_VERSION "0.74-3"
| #define PACKAGE_STRING "dosbox 0.74-3"
| #define PACKAGE_BUGREPORT ""
| #define PACKAGE_URL ""
| #define PACKAGE "dosbox"
| #define VERSION "0.74-3"
| #define HAVE_STDIO_H 1
| #define HAVE_STDLIB_H 1
| #define HAVE_STRING_H 1
| #define HAVE_INTTYPES_H 1
| #define HAVE_STDINT_H 1
| #define HAVE_STRINGS_H 1
| #define HAVE_SYS_STAT_H 1
| #define HAVE_SYS_TYPES_H 1
| #define HAVE_UNISTD_H 1
| #define STDC_HEADERS 1
| #define SIZEOF_UNSIGNED_CHAR 1
| #define SIZEOF_UNSIGNED_SHORT 2
| #define SIZEOF_UNSIGNED_INT 4
| #define SIZEOF_UNSIGNED_LONG 8
| #define SIZEOF_UNSIGNED_LONG_LONG 8
| #define SIZEOF_INT_P 8
| #define HAVE_STDLIB_H 1
| #define HAVE_SYS_TYPES_H 1
| #define HAVE_SYS_SOCKET_H 1
| #define HAVE_NETINET_IN_H 1
| #define HAVE_PWD_H 1
| #define ENVIRON_INCLUDED 1
| #define ENVIRON_LINKED 1
| #define DIRENT_HAS_D_TYPE 1
| #define C_HAS_ATTRIBUTE 1
| #define C_ATTRIBUTE_ALWAYS_INLINE 1
| #define C_HAS_BUILTIN_EXPECT 1
| #define HAVE_LIBASOUND 1
| #define HAVE_ALSA 1
| #define C_DEBUG 1
| #define C_TARGETCPU X86_64
| #define C_DYNREC 1
| #define C_FPU 1
| #define C_UNALIGNED_MEMORY 1
| #define C_SSHOT 1
| #define C_X11_XKB 1
| #define C_OPENGL 1
| /* end confdefs.h.  */
| 
| /* Override any GCC internal prototype to avoid an error.
|    Use char because int might match the return type of a GCC
|    builtin and then its argument prototype would still apply.  */
| char Sound_Init ();
| int
| main (void)
| {
| return Sound_Init ();
|   ;
|   return 0;
| }
configure:8108: result: no
configure:8115: checking for Sound_Seek in -lSDL_sound
configure:8138: gcc -o conftest -g -O2  -I/usr/include/SDL -D_GNU_SOURCE=1 -D_REENTRANT  conftest.c -lSDL_sound  -lasound -lm -ldl -lpthread -L/usr/lib/x86_64-linux-gnu -lSDL -lncurses -lpng -lz -lX11 -lGL >&5
/usr/bin/ld: cannot find -lSDL_sound: No such file or directory
collect2: error: ld returned 1 exit status
configure:8138: $? = 1
configure: failed program was:
| /* confdefs.h */
| #define PACKAGE_NAME "dosbox"
| #define PACKAGE_TARNAME "dosbox"
| #define PACKAGE_VERSION "0.74-3"
| #define PACKAGE_STRING "dosbox 0.74-3"
| #define PACKAGE_BUGREPORT ""
| #define PACKAGE_URL ""
| #define PACKAGE "dosbox"
| #define VERSION "0.74-3"
| #define HAVE_STDIO_H 1
| #define HAVE_STDLIB_H 1
| #define HAVE_STRING_H 1
| #define HAVE_INTTYPES_H 1
| #define HAVE_STDINT_H 1
| #define HAVE_STRINGS_H 1
| #define HAVE_SYS_STAT_H 1
| #define HAVE_SYS_TYPES_H 1
| #define HAVE_UNISTD_H 1
| #define STDC_HEADERS 1
| #define SIZEOF_UNSIGNED_CHAR 1
| #define SIZEOF_UNSIGNED_SHORT 2
| #define SIZEOF_UNSIGNED_INT 4
| #define SIZEOF_UNSIGNED_LONG 8
| #define SIZEOF_UNSIGNED_LONG_LONG 8
| #define SIZEOF_INT_P 8
| #define HAVE_STDLIB_H 1
| #define HAVE_SYS_TYPES_H 1
| #define HAVE_SYS_SOCKET_H 1
| #define HAVE_NETINET_IN_H 1
| #define HAVE_PWD_H 1
| #define ENVIRON_INCLUDED 1
| #define ENVIRON_LINKED 1
| #define DIRENT_HAS_D_TYPE 1
| #define C_HAS_ATTRIBUTE 1
| #define C_ATTRIBUTE_ALWAYS_INLINE 1
| #define C_HAS_BUILTIN_EXPECT 1
| #define HAVE_LIBASOUND 1
| #define HAVE_ALSA 1
| #define C_DEBUG 1
| #define C_TARGETCPU X86_64
| #define C_DYNREC 1
| #define C_FPU 1
| #define C_UNALIGNED_MEMORY 1
| #define C_SSHOT 1
| #define C_X11_XKB 1
| #define C_OPENGL 1
| /* end confdefs.h.  */
| 
| /* Override any GCC internal prototype to avoid an error.
|    Use char because int might match the return type of a GCC
|    builtin and then its argument prototype would still apply.  */
| char Sound_Seek ();
| int
| main (void)
| {
| return Sound_Seek ();
|   ;
|   return 0;
| }
configure:8148: result: no
configure:8165: WARNING: Can't find libSDL_sound, libSDL_sound support disabled
configure:8170: checking for sys/mman.h
configure:8170: gcc -c -g -O2  -I/usr/include/SDL -D_GNU_SOURCE=1 -D_REENTRANT conftest.c >&5
configure:8170: $? = 0
configure:8170: result: yes
configure:8174: checking for mprotect
configure:8174: gcc -o conftest -g -O2  -I/usr/include/SDL -D_GNU_SOURCE=1 -D_REENTRANT  conftest.c -lasound -lm -ldl -lpthread -L/usr/lib/x86_64-linux-gnu -lSDL -lncurses -lpng -lz -lX11 -lGL >&5
configure:8174: $? = 0
configure:8174: result: yes
configure:8185: checking for realpath
configure:8185: gcc -o conftest -g -O2  -I/usr/include/SDL -D_GNU_SOURCE=1 -D_REENTRANT  conftest.c -lasound -lm -ldl -lpthread -L/usr/lib/x86_64-linux-gnu -lSDL -lncurses -lpng -lz -lX11 -lGL >&5
configure:8185: $? = 0
configure:8185: result: yes
configure:8194: checking for setpriority support
configure:8205: gcc -o conftest -g -O2  -I/usr/include/SDL -D_GNU_SOURCE=1 -D_REENTRANT  conftest.c -lasound -lm -ldl -lpthread -L/usr/lib/x86_64-linux-gnu -lSDL -lncurses -lpng -lz -lX11 -lGL >&5
configure:8205: $? = 0
configure:8207: result: yes
configure:8493: checking that generated files are newer than configure
configure:8499: result: done
configure:8531: creating ./config.status

## ---------------------- ##
## Running config.status. ##
## ---------------------- ##

This file was extended by dosbox config.status 0.74-3, which was
generated by GNU Autoconf 2.71.  Invocation command line was

  CONFIG_FILES    = 
  CONFIG_HEADERS  = 
  CONFIG_LINKS    = 
  CONFIG_COMMANDS = 
  $ ./config.status 

on dmy-Latitude-7390

config.status:926: creating Makefile
config.status:926: creating src/Makefile
config.status:926: creating src/cpu/Makefile
config.status:926: creating src/cpu/core_full/Makefile
config.status:926: creating src/cpu/core_normal/Makefile
config.status:926: creating src/cpu/core_dyn_x86/Makefile
config.status:926: creating src/cpu/core_dynrec/Makefile
config.status:926: creating src/debug/Makefile
config.status:926: creating src/dos/Makefile
config.status:926: creating src/fpu/Makefile
config.status:926: creating src/gui/Makefile
config.status:926: creating src/hardware/Makefile
config.status:926: creating src/hardware/mame/Makefile
config.status:926: creating src/hardware/serialport/Makefile
config.status:926: creating src/ints/Makefile
config.status:926: creating src/libs/Makefile
config.status:926: creating src/libs/zmbv/Makefile
config.status:926: creating src/libs/gui_tk/Makefile
config.status:926: creating src/misc/Makefile
config.status:926: creating src/shell/Makefile
config.status:926: creating src/platform/Makefile
config.status:926: creating src/platform/visualc/Makefile
config.status:926: creating visualc_net/Makefile
config.status:926: creating include/Makefile
config.status:926: creating docs/Makefile
config.status:926: creating config.h
config.status:1155: executing depfiles commands
config.status:1232: cd src       && sed -e '/# am--include-marker/d' Makefile         | make -f - am--depfiles
config.status:1237: $? = 0
config.status:1232: cd src/cpu       && sed -e '/# am--include-marker/d' Makefile         | make -f - am--depfiles
config.status:1237: $? = 0
config.status:1232: cd src/debug       && sed -e '/# am--include-marker/d' Makefile         | make -f - am--depfiles
config.status:1237: $? = 0
config.status:1232: cd src/dos       && sed -e '/# am--include-marker/d' Makefile         | make -f - am--depfiles
config.status:1237: $? = 0
config.status:1232: cd src/fpu       && sed -e '/# am--include-marker/d' Makefile         | make -f - am--depfiles
config.status:1237: $? = 0
config.status:1232: cd src/gui       && sed -e '/# am--include-marker/d' Makefile         | make -f - am--depfiles
config.status:1237: $? = 0
config.status:1232: cd src/hardware       && sed -e '/# am--include-marker/d' Makefile         | make -f - am--depfiles
config.status:1237: $? = 0
config.status:1232: cd src/hardware/mame       && sed -e '/# am--include-marker/d' Makefile         | make -f - am--depfiles
config.status:1237: $? = 0
config.status:1232: cd src/hardware/serialport       && sed -e '/# am--include-marker/d' Makefile         | make -f - am--depfiles
config.status:1237: $? = 0
config.status:1232: cd src/ints       && sed -e '/# am--include-marker/d' Makefile         | make -f - am--depfiles
config.status:1237: $? = 0
config.status:1232: cd src/libs/gui_tk       && sed -e '/# am--include-marker/d' Makefile         | make -f - am--depfiles
config.status:1237: $? = 0
config.status:1232: cd src/misc       && sed -e '/# am--include-marker/d' Makefile         | make -f - am--depfiles
config.status:1237: $? = 0
config.status:1232: cd src/shell       && sed -e '/# am--include-marker/d' Makefile         | make -f - am--depfiles
config.status:1237: $? = 0

## ---------------- ##
## Cache variables. ##
## ---------------- ##

ac_cv_build=x86_64-pc-linux-gnu
ac_cv_c_bigendian=no
ac_cv_c_compiler_gnu=yes
ac_cv_c_const=yes
ac_cv_c_inline=inline
ac_cv_cxx_compiler_gnu=yes
ac_cv_env_CCC_set=
ac_cv_env_CCC_value=
ac_cv_env_CC_set=
ac_cv_env_CC_value=
ac_cv_env_CFLAGS_set=
ac_cv_env_CFLAGS_value=
ac_cv_env_CPPFLAGS_set=
ac_cv_env_CPPFLAGS_value=
ac_cv_env_CPP_set=
ac_cv_env_CPP_value=
ac_cv_env_CXXFLAGS_set=
ac_cv_env_CXXFLAGS_value=
ac_cv_env_CXX_set=
ac_cv_env_CXX_value=
ac_cv_env_LDFLAGS_set=
ac_cv_env_LDFLAGS_value=
ac_cv_env_LIBS_set=
ac_cv_env_LIBS_value=
ac_cv_env_build_alias_set=
ac_cv_env_build_alias_value=
ac_cv_env_host_alias_set=
ac_cv_env_host_alias_value=
ac_cv_env_target_alias_set=
ac_cv_env_target_alias_value=
ac_cv_func_mprotect=yes
ac_cv_func_realpath=yes
ac_cv_header_GL_gl_h=yes
ac_cv_header_SDL_net_h=no
ac_cv_header_SDL_sound_h=no
ac_cv_header_X11_XKBlib_h=yes
ac_cv_header_curses_h=yes
ac_cv_header_inttypes_h=yes
ac_cv_header_netinet_in_h=yes
ac_cv_header_png_h=yes
ac_cv_header_pwd_h=yes
ac_cv_header_stdint_h=yes
ac_cv_header_stdio_h=yes
ac_cv_header_stdlib_h=yes
ac_cv_header_string_h=yes
ac_cv_header_strings_h=yes
ac_cv_header_sys_mman_h=yes
ac_cv_header_sys_socket_h=yes
ac_cv_header_sys_stat_h=yes
ac_cv_header_sys_types_h=yes
ac_cv_header_unistd_h=yes
ac_cv_host=x86_64-pc-linux-gnu
ac_cv_lib_GL_main=yes
ac_cv_lib_SDL_net_SDLNet_Init=no
ac_cv_lib_SDL_sound_Sound_Init=no
ac_cv_lib_SDL_sound_Sound_Seek=no
ac_cv_lib_X11_main=yes
ac_cv_lib_asound_snd_ctl_open=yes
ac_cv_lib_curses_initscr=yes
ac_cv_lib_ncurses_initscr=yes
ac_cv_lib_opengl32_main=no
ac_cv_lib_pdcurses_initscr=no
ac_cv_lib_png_png_get_io_ptr=yes
ac_cv_objext=o
ac_cv_path_SDL_CONFIG=/usr/bin/sdl-config
ac_cv_path_install='/usr/bin/install -c'
ac_cv_path_mkdir=/usr/bin/mkdir
ac_cv_prog_AWK=gawk
ac_cv_prog_CPP='gcc -E'
ac_cv_prog_ac_ct_CC=gcc
ac_cv_prog_ac_ct_CXX=g++
ac_cv_prog_ac_ct_RANLIB=ranlib
ac_cv_prog_cc_c11=
ac_cv_prog_cc_g=yes
ac_cv_prog_cc_stdc=
ac_cv_prog_cxx_11=no
ac_cv_prog_cxx_cxx11=
ac_cv_prog_cxx_g=yes
ac_cv_prog_cxx_stdcxx=
ac_cv_prog_make_make_set=yes
ac_cv_sizeof_int_p=8
ac_cv_sizeof_unsigned_char=1
ac_cv_sizeof_unsigned_int=4
ac_cv_sizeof_unsigned_long=8
ac_cv_sizeof_unsigned_long_long=8
ac_cv_sizeof_unsigned_short=2
ac_cv_struct_tm=time.h
ac_cv_type_size_t=yes
am_cv_CC_dependencies_compiler_type=gcc3
am_cv_CXX_dependencies_compiler_type=gcc3
am_cv_make_support_nested_variables=yes
am_cv_prog_cc_c_o=yes

## ----------------- ##
## Output variables. ##
## ----------------- ##

ACLOCAL='${SHELL} '\''/home/dmy/Scrivania/dosbox+ida/dosbox-SRDP/dosbox-0.74-3-SRDP/missing'\'' aclocal-1.16'
ALSA_CFLAGS=''
ALSA_LIBS=' -lasound -lm -ldl -lpthread'
AMDEPBACKSLASH='\'
AMDEP_FALSE='#'
AMDEP_TRUE=''
AMTAR='$${TAR-tar}'
AM_BACKSLASH='\'
AM_DEFAULT_V='$(AM_DEFAULT_VERBOSITY)'
AM_DEFAULT_VERBOSITY='1'
AM_V='$(V)'
AUTOCONF='${SHELL} '\''/home/dmy/Scrivania/dosbox+ida/dosbox-SRDP/dosbox-0.74-3-SRDP/missing'\'' autoconf'
AUTOHEADER='${SHELL} '\''/home/dmy/Scrivania/dosbox+ida/dosbox-SRDP/dosbox-0.74-3-SRDP/missing'\'' autoheader'
AUTOMAKE='${SHELL} '\''/home/dmy/Scrivania/dosbox+ida/dosbox-SRDP/dosbox-0.74-3-SRDP/missing'\'' automake-1.16'
AWK='gawk'
CC='gcc'
CCDEPMODE='depmode=gcc3'
CFLAGS='-g -O2'
CPP='gcc -E'
CPPFLAGS=' -I/usr/include/SDL -D_GNU_SOURCE=1 -D_REENTRANT'
CSCOPE='cscope'
CTAGS='ctags'
CXX='g++'
CXXDEPMODE='depmode=gcc3'
CXXFLAGS='-g -O2 -mno-ms-bitfields '
CYGPATH_W='echo'
DEFS='-DHAVE_CONFIG_H'
DEPDIR='.deps'
ECHO_C=''
ECHO_N='-n'
ECHO_T=''
ETAGS='etags'
EXEEXT=''
HAVE_WINDRES_FALSE=''
HAVE_WINDRES_TRUE='#'
INSTALL_DATA='${INSTALL} -m 644'
INSTALL_PROGRAM='${INSTALL}'
INSTALL_SCRIPT='${INSTALL}'
INSTALL_STRIP_PROGRAM='$(install_sh) -c -s'
LDFLAGS=''
LIBOBJS=''
LIBS='-lasound -lm -ldl -lpthread -L/usr/lib/x86_64-linux-gnu -lSDL -lncurses -lpng -lz -lX11 -lGL'
LTLIBOBJS=''
MAKEINFO='${SHELL} '\''/home/dmy/Scrivania/dosbox+ida/dosbox-SRDP/dosbox-0.74-3-SRDP/missing'\'' makeinfo'
MKDIR_P='/usr/bin/mkdir -p'
OBJEXT='o'
PACKAGE='dosbox'
PACKAGE_BUGREPORT=''
PACKAGE_NAME='dosbox'
PACKAGE_STRING='dosbox 0.74-3'
PACKAGE_TARNAME='dosbox'
PACKAGE_URL=''
PACKAGE_VERSION='0.74-3'
PATH_SEPARATOR=':'
RANLIB='ranlib'
SDL_CFLAGS='-I/usr/include/SDL -D_GNU_SOURCE=1 -D_REENTRANT'
SDL_CONFIG='/usr/bin/sdl-config'
SDL_LIBS='-L/usr/lib/x86_64-linux-gnu -lSDL'
SET_MAKE=''
SHELL='/bin/bash'
STRIP=''
VERSION='0.74-3'
WINDRES=':'
ac_ct_CC='gcc'
ac_ct_CXX='g++'
am__EXEEXT_FALSE=''
am__EXEEXT_TRUE='#'
am__fastdepCC_FALSE='#'
am__fastdepCC_TRUE=''
am__fastdepCXX_FALSE='#'
am__fastdepCXX_TRUE=''
am__include='include'
am__isrc=''
am__leading_dot='.'
am__nodep='_no'
am__quote=''
am__tar='$${TAR-tar} chof - "$$tardir"'
am__untar='$${TAR-tar} xf -'
bindir='${exec_prefix}/bin'
build='x86_64-pc-linux-gnu'
build_alias=''
build_cpu='x86_64'
build_os='linux-gnu'
build_vendor='pc'
datadir='${datarootdir}'
datarootdir='${prefix}/share'
docdir='${datarootdir}/doc/${PACKAGE_TARNAME}'
dvidir='${docdir}'
exec_prefix='${prefix}'
host='x86_64-pc-linux-gnu'
host_alias=''
host_cpu='x86_64'
host_os='linux-gnu'
host_vendor='pc'
htmldir='${docdir}'
includedir='${prefix}/include'
infodir='${datarootdir}/info'
install_sh='${SHELL} /home/dmy/Scrivania/dosbox+ida/dosbox-SRDP/dosbox-0.74-3-SRDP/install-sh'
libdir='${exec_prefix}/lib'
libexecdir='${exec_prefix}/libexec'
localedir='${datarootdir}/locale'
localstatedir='${prefix}/var'
mandir='${datarootdir}/man'
mkdir_p='$(MKDIR_P)'
oldincludedir='/usr/include'
pdfdir='${docdir}'
prefix='/usr/local'
program_transform_name='s&$$&-dbg&'
psdir='${docdir}'
runstatedir='${localstatedir}/run'
sbindir='${exec_prefix}/sbin'
sharedstatedir='${prefix}/com'
sysconfdir='${prefix}/etc'
target_alias=''

## ----------- ##
## confdefs.h. ##
## ----------- ##

/* confdefs.h */
#define PACKAGE_NAME "dosbox"
#define PACKAGE_TARNAME "dosbox"
#define PACKAGE_VERSION "0.74-3"
#define PACKAGE_STRING "dosbox 0.74-3"
#define PACKAGE_BUGREPORT ""
#define PACKAGE_URL ""
#define PACKAGE "dosbox"
#define VERSION "0.74-3"
#define HAVE_STDIO_H 1
#define HAVE_STDLIB_H 1
#define HAVE_STRING_H 1
#define HAVE_INTTYPES_H 1
#define HAVE_STDINT_H 1
#define HAVE_STRINGS_H 1
#define HAVE_SYS_STAT_H 1
#define HAVE_SYS_TYPES_H 1
#define HAVE_UNISTD_H 1
#define STDC_HEADERS 1
#define SIZEOF_UNSIGNED_CHAR 1
#define SIZEOF_UNSIGNED_SHORT 2
#define SIZEOF_UNSIGNED_INT 4
#define SIZEOF_UNSIGNED_LONG 8
#define SIZEOF_UNSIGNED_LONG_LONG 8
#define SIZEOF_INT_P 8
#define HAVE_STDLIB_H 1
#define HAVE_SYS_TYPES_H 1
#define HAVE_SYS_SOCKET_H 1
#define HAVE_NETINET_IN_H 1
#define HAVE_PWD_H 1
#define ENVIRON_INCLUDED 1
#define ENVIRON_LINKED 1
#define DIRENT_HAS_D_TYPE 1
#define C_HAS_ATTRIBUTE 1
#define C_ATTRIBUTE_ALWAYS_INLINE 1
#define C_HAS_BUILTIN_EXPECT 1
#define HAVE_LIBASOUND 1
#define HAVE_ALSA 1
#define C_DEBUG 1
#define C_TARGETCPU X86_64
#define C_DYNREC 1
#define C_FPU 1
#define C_UNALIGNED_MEMORY 1
#define C_SSHOT 1
#define C_X11_XKB 1
#define C_OPENGL 1
#define C_HAVE_MPROTECT 1
#define HAVE_REALPATH 1
#define C_SET_PRIORITY 1
#define LINUX 1
#define C_DIRECTSERIAL 1

configure: exit 0
